<?xml version="1.0" encoding="UTF-8"?>
<testsuite xmlns:xsi="http://www.w3.org/2001/XMLSchema-instance" xsi:noNamespaceSchemaLocation="https://maven.apache.org/surefire/maven-surefire-plugin/xsd/surefire-test-report-3.0.xsd" version="3.0" name="com.oxyl.coursepfback.service.ZombieServiceTest" time="0.025" tests="6" errors="0" skipped="0" failures="0">
  <properties>
[...]
</properties>
  <testcase name="testDeleteZombie_success" classname="com.oxyl.coursepfback.service.ZombieServiceTest" time="0.014"/>
  <testcase name="testGetZombieById_notFound" classname="com.oxyl.coursepfback.service.ZombieServiceTest" time="0.002"/>
  <testcase name="testGetAllZombies" classname="com.oxyl.coursepfback.service.ZombieServiceTest" time="0.001"/>
  <testcase name="testGetZombieById_found" classname="com.oxyl.coursepfback.service.ZombieServiceTest" time="0.001"/>
  <testcase name="testAddZombie_success" classname="com.oxyl.coursepfback.service.ZombieServiceTest" time="0"/>
  <testcase name="testUpdateZombie_success" classname="com.oxyl.coursepfback.service.ZombieServiceTest" time="0"/>
</testsuite>