<?xml version="1.0" encoding="UTF-8"?>
<testsuite xmlns:xsi="http://www.w3.org/2001/XMLSchema-instance" xsi:noNamespaceSchemaLocation="https://maven.apache.org/surefire/maven-surefire-plugin/xsd/surefire-test-report-3.0.xsd" version="3.0" name="com.oxyl.coursepfback.controller.MapControllerTest" time="0.076" tests="6" errors="0" skipped="0" failures="0">
  <properties>
[...]
</properties>
  <testcase name="testGetCaseById_notFound" classname="com.oxyl.coursepfback.controller.MapControllerTest" time="0.03">
    <system-out><![CDATA[18:14:29.937 [main] DEBUG _org.springframework.web.servlet.HandlerMapping.Mappings -- 
	c.o.c.c.MapController:
	{GET [/maps/{id}], produces [application/json]}: getCaseById(int)
	{POST [/maps], consumes [application/json], produces [application/json]}: addCase(Map)
	{PUT [/maps/{id}], consumes [application/json], produces [application/json]}: updateCase(int,Map)
	{DELETE [/maps/{id}], produces [application/json]}: deleteCase(int)
	{GET [/maps], produces [application/json]}: getAllCases()
18:14:29.938 [main] DEBUG org.springframework.web.servlet.mvc.method.annotation.RequestMappingHandlerMapping -- 5 mappings in org.springframework.web.servlet.mvc.method.annotation.RequestMappingHandlerMapping
18:14:29.939 [main] DEBUG org.springframework.web.servlet.mvc.method.annotation.RequestMappingHandlerAdapter -- ControllerAdvice beans: 0 @ModelAttribute, 0 @InitBinder, 1 RequestBodyAdvice, 1 ResponseBodyAdvice
18:14:29.939 [main] DEBUG org.springframework.web.servlet.mvc.method.annotation.ExceptionHandlerExceptionResolver -- ControllerAdvice beans: 0 @ExceptionHandler, 1 ResponseBodyAdvice
18:14:29.939 [main] INFO org.springframework.mock.web.MockServletContext -- Initializing Spring TestDispatcherServlet ''
18:14:29.939 [main] INFO org.springframework.test.web.servlet.TestDispatcherServlet -- Initializing Servlet ''
18:14:29.939 [main] DEBUG org.springframework.test.web.servlet.TestDispatcherServlet -- Detected AcceptHeaderLocaleResolver
18:14:29.939 [main] DEBUG org.springframework.test.web.servlet.TestDispatcherServlet -- Detected FixedThemeResolver
18:14:29.939 [main] DEBUG org.springframework.test.web.servlet.TestDispatcherServlet -- Detected org.springframework.web.servlet.view.DefaultRequestToViewNameTranslator@6f6efa4f
18:14:29.939 [main] DEBUG org.springframework.test.web.servlet.TestDispatcherServlet -- Detected org.springframework.web.servlet.support.SessionFlashMapManager@4451f60c
18:14:29.939 [main] DEBUG org.springframework.test.web.servlet.TestDispatcherServlet -- enableLoggingRequestDetails='false': request parameters and headers will be masked to prevent unsafe logging of potentially sensitive data
18:14:29.939 [main] INFO org.springframework.test.web.servlet.TestDispatcherServlet -- Completed initialization in 0 ms
18:14:29.940 [main] DEBUG org.springframework.test.web.servlet.TestDispatcherServlet -- GET "/maps/999", parameters={}
18:14:29.940 [main] DEBUG org.springframework.web.servlet.mvc.method.annotation.RequestMappingHandlerMapping -- Mapped to com.oxyl.coursepfback.controller.MapController#getCaseById(int)
18:14:29.941 [main] INFO com.oxyl.coursepfback.controller.MapController -- 📥 Récupération de la case avec ID: 999
18:14:29.942 [main] WARN com.oxyl.coursepfback.controller.MapController -- ❌ Case non trouvée avec ID: 999
18:14:29.942 [main] DEBUG org.springframework.web.servlet.mvc.method.annotation.HttpEntityMethodProcessor -- Using 'application/json', given [*/*] and supported [application/json]
18:14:29.943 [main] DEBUG org.springframework.web.servlet.mvc.method.annotation.HttpEntityMethodProcessor -- Nothing to write: null body
18:14:29.944 [main] DEBUG org.springframework.test.web.servlet.TestDispatcherServlet -- Completed 404 NOT_FOUND
]]></system-out>
  </testcase>
  <testcase name="testGetAllCases" classname="com.oxyl.coursepfback.controller.MapControllerTest" time="0.008">
    <system-out><![CDATA[18:14:29.948 [main] DEBUG _org.springframework.web.servlet.HandlerMapping.Mappings -- 
	c.o.c.c.MapController:
	{GET [/maps/{id}], produces [application/json]}: getCaseById(int)
	{POST [/maps], consumes [application/json], produces [application/json]}: addCase(Map)
	{PUT [/maps/{id}], consumes [application/json], produces [application/json]}: updateCase(int,Map)
	{DELETE [/maps/{id}], produces [application/json]}: deleteCase(int)
	{GET [/maps], produces [application/json]}: getAllCases()
18:14:29.948 [main] DEBUG org.springframework.web.servlet.mvc.method.annotation.RequestMappingHandlerMapping -- 5 mappings in org.springframework.web.servlet.mvc.method.annotation.RequestMappingHandlerMapping
18:14:29.949 [main] DEBUG org.springframework.web.servlet.mvc.method.annotation.RequestMappingHandlerAdapter -- ControllerAdvice beans: 0 @ModelAttribute, 0 @InitBinder, 1 RequestBodyAdvice, 1 ResponseBodyAdvice
18:14:29.949 [main] DEBUG org.springframework.web.servlet.mvc.method.annotation.ExceptionHandlerExceptionResolver -- ControllerAdvice beans: 0 @ExceptionHandler, 1 ResponseBodyAdvice
18:14:29.949 [main] INFO org.springframework.mock.web.MockServletContext -- Initializing Spring TestDispatcherServlet ''
18:14:29.949 [main] INFO org.springframework.test.web.servlet.TestDispatcherServlet -- Initializing Servlet ''
18:14:29.950 [main] DEBUG org.springframework.test.web.servlet.TestDispatcherServlet -- Detected AcceptHeaderLocaleResolver
18:14:29.950 [main] DEBUG org.springframework.test.web.servlet.TestDispatcherServlet -- Detected FixedThemeResolver
18:14:29.950 [main] DEBUG org.springframework.test.web.servlet.TestDispatcherServlet -- Detected org.springframework.web.servlet.view.DefaultRequestToViewNameTranslator@45843650
18:14:29.950 [main] DEBUG org.springframework.test.web.servlet.TestDispatcherServlet -- Detected org.springframework.web.servlet.support.SessionFlashMapManager@72443081
18:14:29.950 [main] DEBUG org.springframework.test.web.servlet.TestDispatcherServlet -- enableLoggingRequestDetails='false': request parameters and headers will be masked to prevent unsafe logging of potentially sensitive data
18:14:29.950 [main] INFO org.springframework.test.web.servlet.TestDispatcherServlet -- Completed initialization in 1 ms
18:14:29.950 [main] DEBUG org.springframework.test.web.servlet.TestDispatcherServlet -- GET "/maps", parameters={}
18:14:29.951 [main] DEBUG org.springframework.web.servlet.mvc.method.annotation.RequestMappingHandlerMapping -- Mapped to com.oxyl.coursepfback.controller.MapController#getAllCases()
18:14:29.951 [main] INFO com.oxyl.coursepfback.controller.MapController -- 📥 Récupération de toutes les cases de la map...
18:14:29.951 [main] DEBUG org.springframework.web.servlet.mvc.method.annotation.HttpEntityMethodProcessor -- Using 'application/json', given [*/*] and supported [application/json]
18:14:29.952 [main] DEBUG org.springframework.web.servlet.mvc.method.annotation.HttpEntityMethodProcessor -- Writing [[com.oxyl.coursepfback.model.Map@6588b715]]
18:14:29.953 [main] DEBUG org.springframework.test.web.servlet.TestDispatcherServlet -- Completed 200 OK
18:14:29.953 [main] DEBUG com.jayway.jsonpath.internal.path.CompiledPath -- Evaluating path: $[0]['id_map']
]]></system-out>
  </testcase>
  <testcase name="testDeleteCase_success" classname="com.oxyl.coursepfback.controller.MapControllerTest" time="0.006">
    <system-out><![CDATA[18:14:29.956 [main] DEBUG _org.springframework.web.servlet.HandlerMapping.Mappings -- 
	c.o.c.c.MapController:
	{GET [/maps/{id}], produces [application/json]}: getCaseById(int)
	{POST [/maps], consumes [application/json], produces [application/json]}: addCase(Map)
	{PUT [/maps/{id}], consumes [application/json], produces [application/json]}: updateCase(int,Map)
	{DELETE [/maps/{id}], produces [application/json]}: deleteCase(int)
	{GET [/maps], produces [application/json]}: getAllCases()
18:14:29.957 [main] DEBUG org.springframework.web.servlet.mvc.method.annotation.RequestMappingHandlerMapping -- 5 mappings in org.springframework.web.servlet.mvc.method.annotation.RequestMappingHandlerMapping
18:14:29.957 [main] DEBUG org.springframework.web.servlet.mvc.method.annotation.RequestMappingHandlerAdapter -- ControllerAdvice beans: 0 @ModelAttribute, 0 @InitBinder, 1 RequestBodyAdvice, 1 ResponseBodyAdvice
18:14:29.958 [main] DEBUG org.springframework.web.servlet.mvc.method.annotation.ExceptionHandlerExceptionResolver -- ControllerAdvice beans: 0 @ExceptionHandler, 1 ResponseBodyAdvice
18:14:29.958 [main] INFO org.springframework.mock.web.MockServletContext -- Initializing Spring TestDispatcherServlet ''
18:14:29.958 [main] INFO org.springframework.test.web.servlet.TestDispatcherServlet -- Initializing Servlet ''
18:14:29.958 [main] DEBUG org.springframework.test.web.servlet.TestDispatcherServlet -- Detected AcceptHeaderLocaleResolver
18:14:29.958 [main] DEBUG org.springframework.test.web.servlet.TestDispatcherServlet -- Detected FixedThemeResolver
18:14:29.958 [main] DEBUG org.springframework.test.web.servlet.TestDispatcherServlet -- Detected org.springframework.web.servlet.view.DefaultRequestToViewNameTranslator@6fe595dc
18:14:29.958 [main] DEBUG org.springframework.test.web.servlet.TestDispatcherServlet -- Detected org.springframework.web.servlet.support.SessionFlashMapManager@5af5d76f
18:14:29.958 [main] DEBUG org.springframework.test.web.servlet.TestDispatcherServlet -- enableLoggingRequestDetails='false': request parameters and headers will be masked to prevent unsafe logging of potentially sensitive data
18:14:29.958 [main] INFO org.springframework.test.web.servlet.TestDispatcherServlet -- Completed initialization in 0 ms
18:14:29.959 [main] DEBUG org.springframework.test.web.servlet.TestDispatcherServlet -- DELETE "/maps/1", parameters={}
18:14:29.959 [main] DEBUG org.springframework.web.servlet.mvc.method.annotation.RequestMappingHandlerMapping -- Mapped to com.oxyl.coursepfback.controller.MapController#deleteCase(int)
18:14:29.959 [main] INFO com.oxyl.coursepfback.controller.MapController -- 🗑️ Suppression de la case avec ID: 1
18:14:29.960 [main] DEBUG org.springframework.web.servlet.mvc.method.annotation.HttpEntityMethodProcessor -- Using 'application/json', given [*/*] and supported [application/json]
18:14:29.960 [main] DEBUG org.springframework.web.servlet.mvc.method.annotation.HttpEntityMethodProcessor -- Writing ["Case supprimée !"]
18:14:29.960 [main] DEBUG org.springframework.test.web.servlet.TestDispatcherServlet -- Completed 200 OK
]]></system-out>
  </testcase>
  <testcase name="testUpdateCase_success" classname="com.oxyl.coursepfback.controller.MapControllerTest" time="0.01">
    <system-out><![CDATA[18:14:29.964 [main] DEBUG _org.springframework.web.servlet.HandlerMapping.Mappings -- 
	c.o.c.c.MapController:
	{GET [/maps/{id}], produces [application/json]}: getCaseById(int)
	{POST [/maps], consumes [application/json], produces [application/json]}: addCase(Map)
	{PUT [/maps/{id}], consumes [application/json], produces [application/json]}: updateCase(int,Map)
	{DELETE [/maps/{id}], produces [application/json]}: deleteCase(int)
	{GET [/maps], produces [application/json]}: getAllCases()
18:14:29.964 [main] DEBUG org.springframework.web.servlet.mvc.method.annotation.RequestMappingHandlerMapping -- 5 mappings in org.springframework.web.servlet.mvc.method.annotation.RequestMappingHandlerMapping
18:14:29.965 [main] DEBUG org.springframework.web.servlet.mvc.method.annotation.RequestMappingHandlerAdapter -- ControllerAdvice beans: 0 @ModelAttribute, 0 @InitBinder, 1 RequestBodyAdvice, 1 ResponseBodyAdvice
18:14:29.965 [main] DEBUG org.springframework.web.servlet.mvc.method.annotation.ExceptionHandlerExceptionResolver -- ControllerAdvice beans: 0 @ExceptionHandler, 1 ResponseBodyAdvice
18:14:29.965 [main] INFO org.springframework.mock.web.MockServletContext -- Initializing Spring TestDispatcherServlet ''
18:14:29.965 [main] INFO org.springframework.test.web.servlet.TestDispatcherServlet -- Initializing Servlet ''
18:14:29.965 [main] DEBUG org.springframework.test.web.servlet.TestDispatcherServlet -- Detected AcceptHeaderLocaleResolver
18:14:29.965 [main] DEBUG org.springframework.test.web.servlet.TestDispatcherServlet -- Detected FixedThemeResolver
18:14:29.966 [main] DEBUG org.springframework.test.web.servlet.TestDispatcherServlet -- Detected org.springframework.web.servlet.view.DefaultRequestToViewNameTranslator@4342c13
18:14:29.966 [main] DEBUG org.springframework.test.web.servlet.TestDispatcherServlet -- Detected org.springframework.web.servlet.support.SessionFlashMapManager@2ba1209b
18:14:29.966 [main] DEBUG org.springframework.test.web.servlet.TestDispatcherServlet -- enableLoggingRequestDetails='false': request parameters and headers will be masked to prevent unsafe logging of potentially sensitive data
18:14:29.966 [main] INFO org.springframework.test.web.servlet.TestDispatcherServlet -- Completed initialization in 1 ms
18:14:29.967 [main] DEBUG org.springframework.test.web.servlet.TestDispatcherServlet -- PUT "/maps/1", parameters={}
18:14:29.968 [main] DEBUG org.springframework.web.servlet.mvc.method.annotation.RequestMappingHandlerMapping -- Mapped to com.oxyl.coursepfback.controller.MapController#updateCase(int, Map)
18:14:29.970 [main] DEBUG org.springframework.web.servlet.mvc.method.annotation.RequestResponseBodyMethodProcessor -- Read "application/json" to [com.oxyl.coursepfback.model.Map@3a7b2e2]
18:14:29.970 [main] INFO com.oxyl.coursepfback.controller.MapController -- 🔄 Mise à jour de la case avec ID: 1
18:14:29.970 [main] DEBUG org.springframework.web.servlet.mvc.method.annotation.HttpEntityMethodProcessor -- Using 'application/json', given [*/*] and supported [application/json]
18:14:29.970 [main] DEBUG org.springframework.web.servlet.mvc.method.annotation.HttpEntityMethodProcessor -- Writing ["Case mise à jour !"]
18:14:29.971 [main] DEBUG org.springframework.test.web.servlet.TestDispatcherServlet -- Completed 200 OK
]]></system-out>
  </testcase>
  <testcase name="testAddCase_success" classname="com.oxyl.coursepfback.controller.MapControllerTest" time="0.009">
    <system-out><![CDATA[18:14:29.974 [main] DEBUG _org.springframework.web.servlet.HandlerMapping.Mappings -- 
	c.o.c.c.MapController:
	{GET [/maps/{id}], produces [application/json]}: getCaseById(int)
	{POST [/maps], consumes [application/json], produces [application/json]}: addCase(Map)
	{PUT [/maps/{id}], consumes [application/json], produces [application/json]}: updateCase(int,Map)
	{DELETE [/maps/{id}], produces [application/json]}: deleteCase(int)
	{GET [/maps], produces [application/json]}: getAllCases()
18:14:29.974 [main] DEBUG org.springframework.web.servlet.mvc.method.annotation.RequestMappingHandlerMapping -- 5 mappings in org.springframework.web.servlet.mvc.method.annotation.RequestMappingHandlerMapping
18:14:29.975 [main] DEBUG org.springframework.web.servlet.mvc.method.annotation.RequestMappingHandlerAdapter -- ControllerAdvice beans: 0 @ModelAttribute, 0 @InitBinder, 1 RequestBodyAdvice, 1 ResponseBodyAdvice
18:14:29.975 [main] DEBUG org.springframework.web.servlet.mvc.method.annotation.ExceptionHandlerExceptionResolver -- ControllerAdvice beans: 0 @ExceptionHandler, 1 ResponseBodyAdvice
18:14:29.975 [main] INFO org.springframework.mock.web.MockServletContext -- Initializing Spring TestDispatcherServlet ''
18:14:29.975 [main] INFO org.springframework.test.web.servlet.TestDispatcherServlet -- Initializing Servlet ''
18:14:29.975 [main] DEBUG org.springframework.test.web.servlet.TestDispatcherServlet -- Detected AcceptHeaderLocaleResolver
18:14:29.975 [main] DEBUG org.springframework.test.web.servlet.TestDispatcherServlet -- Detected FixedThemeResolver
18:14:29.975 [main] DEBUG org.springframework.test.web.servlet.TestDispatcherServlet -- Detected org.springframework.web.servlet.view.DefaultRequestToViewNameTranslator@18d11527
18:14:29.975 [main] DEBUG org.springframework.test.web.servlet.TestDispatcherServlet -- Detected org.springframework.web.servlet.support.SessionFlashMapManager@4998e74b
18:14:29.975 [main] DEBUG org.springframework.test.web.servlet.TestDispatcherServlet -- enableLoggingRequestDetails='false': request parameters and headers will be masked to prevent unsafe logging of potentially sensitive data
18:14:29.975 [main] INFO org.springframework.test.web.servlet.TestDispatcherServlet -- Completed initialization in 0 ms
18:14:29.977 [main] DEBUG org.springframework.test.web.servlet.TestDispatcherServlet -- POST "/maps", parameters={}
18:14:29.978 [main] DEBUG org.springframework.web.servlet.mvc.method.annotation.RequestMappingHandlerMapping -- Mapped to com.oxyl.coursepfback.controller.MapController#addCase(Map)
18:14:29.979 [main] DEBUG org.springframework.web.servlet.mvc.method.annotation.RequestResponseBodyMethodProcessor -- Read "application/json" to [com.oxyl.coursepfback.model.Map@28279a49]
18:14:29.979 [main] INFO com.oxyl.coursepfback.controller.MapController -- ➕ Ajout d'une nouvelle case à la map (ligne: 2, colonne: 3)
18:14:29.979 [main] DEBUG org.springframework.web.servlet.mvc.method.annotation.HttpEntityMethodProcessor -- Using 'application/json', given [*/*] and supported [application/json]
18:14:29.979 [main] DEBUG org.springframework.web.servlet.mvc.method.annotation.HttpEntityMethodProcessor -- Writing ["Case ajoutée !"]
18:14:29.980 [main] DEBUG org.springframework.test.web.servlet.TestDispatcherServlet -- Completed 201 CREATED
]]></system-out>
  </testcase>
  <testcase name="testGetCaseById_found" classname="com.oxyl.coursepfback.controller.MapControllerTest" time="0.01">
    <system-out><![CDATA[18:14:29.985 [main] DEBUG _org.springframework.web.servlet.HandlerMapping.Mappings -- 
	c.o.c.c.MapController:
	{GET [/maps/{id}], produces [application/json]}: getCaseById(int)
	{POST [/maps], consumes [application/json], produces [application/json]}: addCase(Map)
	{PUT [/maps/{id}], consumes [application/json], produces [application/json]}: updateCase(int,Map)
	{DELETE [/maps/{id}], produces [application/json]}: deleteCase(int)
	{GET [/maps], produces [application/json]}: getAllCases()
18:14:29.986 [main] DEBUG org.springframework.web.servlet.mvc.method.annotation.RequestMappingHandlerMapping -- 5 mappings in org.springframework.web.servlet.mvc.method.annotation.RequestMappingHandlerMapping
18:14:29.987 [main] DEBUG org.springframework.web.servlet.mvc.method.annotation.RequestMappingHandlerAdapter -- ControllerAdvice beans: 0 @ModelAttribute, 0 @InitBinder, 1 RequestBodyAdvice, 1 ResponseBodyAdvice
18:14:29.987 [main] DEBUG org.springframework.web.servlet.mvc.method.annotation.ExceptionHandlerExceptionResolver -- ControllerAdvice beans: 0 @ExceptionHandler, 1 ResponseBodyAdvice
18:14:29.987 [main] INFO org.springframework.mock.web.MockServletContext -- Initializing Spring TestDispatcherServlet ''
18:14:29.987 [main] INFO org.springframework.test.web.servlet.TestDispatcherServlet -- Initializing Servlet ''
18:14:29.987 [main] DEBUG org.springframework.test.web.servlet.TestDispatcherServlet -- Detected AcceptHeaderLocaleResolver
18:14:29.987 [main] DEBUG org.springframework.test.web.servlet.TestDispatcherServlet -- Detected FixedThemeResolver
18:14:29.987 [main] DEBUG org.springframework.test.web.servlet.TestDispatcherServlet -- Detected org.springframework.web.servlet.view.DefaultRequestToViewNameTranslator@1f992a3a
18:14:29.987 [main] DEBUG org.springframework.test.web.servlet.TestDispatcherServlet -- Detected org.springframework.web.servlet.support.SessionFlashMapManager@30bf26df
18:14:29.987 [main] DEBUG org.springframework.test.web.servlet.TestDispatcherServlet -- enableLoggingRequestDetails='false': request parameters and headers will be masked to prevent unsafe logging of potentially sensitive data
18:14:29.987 [main] INFO org.springframework.test.web.servlet.TestDispatcherServlet -- Completed initialization in 0 ms
18:14:29.988 [main] DEBUG org.springframework.test.web.servlet.TestDispatcherServlet -- GET "/maps/1", parameters={}
18:14:29.988 [main] DEBUG org.springframework.web.servlet.mvc.method.annotation.RequestMappingHandlerMapping -- Mapped to com.oxyl.coursepfback.controller.MapController#getCaseById(int)
18:14:29.988 [main] INFO com.oxyl.coursepfback.controller.MapController -- 📥 Récupération de la case avec ID: 1
18:14:29.988 [main] DEBUG org.springframework.web.servlet.mvc.method.annotation.HttpEntityMethodProcessor -- Using 'application/json', given [*/*] and supported [application/json]
18:14:29.989 [main] DEBUG org.springframework.web.servlet.mvc.method.annotation.HttpEntityMethodProcessor -- Writing [com.oxyl.coursepfback.model.Map@6f9e08d4]
18:14:29.989 [main] DEBUG org.springframework.test.web.servlet.TestDispatcherServlet -- Completed 200 OK
18:14:29.990 [main] DEBUG com.jayway.jsonpath.internal.path.CompiledPath -- Evaluating path: $['ligne']
]]></system-out>
  </testcase>
</testsuite>