<?xml version="1.0" encoding="UTF-8"?>
<testsuite xmlns:xsi="http://www.w3.org/2001/XMLSchema-instance" xsi:noNamespaceSchemaLocation="https://maven.apache.org/surefire/maven-surefire-plugin/xsd/surefire-test-report-3.0.xsd" version="3.0" name="com.oxyl.coursepfback.controller.PlanteControllerTest" time="0.585" tests="7" errors="0" skipped="0" failures="0">
  <properties>
[...]
</properties>
  <testcase name="testValidatePlantes_valid" classname="com.oxyl.coursepfback.controller.PlanteControllerTest" time="0.412">
    <system-out><![CDATA[18:14:29.450 [main] DEBUG _org.springframework.web.servlet.HandlerMapping.Mappings -- 
	c.o.c.c.PlanteController:
	{GET [/plantes], produces [application/json]}: getAllPlantes()
	{GET [/plantes/{id}], produces [application/json]}: getPlanteById(int)
	{POST [/plantes], consumes [application/json], produces [application/json]}: addPlante(Plante)
	{PUT [/plantes/{id}], consumes [application/json], produces [application/json]}: updatePlante(int,Plante)
	{DELETE [/plantes/{id}], produces [application/json]}: deletePlante(int)
	{GET [/plantes/validation], produces [application/json]}: validatePlantes()
18:14:29.461 [main] DEBUG org.springframework.web.servlet.mvc.method.annotation.RequestMappingHandlerMapping -- 6 mappings in org.springframework.web.servlet.mvc.method.annotation.RequestMappingHandlerMapping
18:14:29.578 [main] DEBUG org.springframework.web.servlet.mvc.method.annotation.RequestMappingHandlerAdapter -- ControllerAdvice beans: 0 @ModelAttribute, 0 @InitBinder, 1 RequestBodyAdvice, 1 ResponseBodyAdvice
18:14:29.594 [main] DEBUG org.springframework.web.servlet.mvc.method.annotation.ExceptionHandlerExceptionResolver -- ControllerAdvice beans: 0 @ExceptionHandler, 1 ResponseBodyAdvice
18:14:29.607 [main] INFO org.springframework.mock.web.MockServletContext -- Initializing Spring TestDispatcherServlet ''
18:14:29.607 [main] INFO org.springframework.test.web.servlet.TestDispatcherServlet -- Initializing Servlet ''
18:14:29.608 [main] DEBUG org.springframework.test.web.servlet.TestDispatcherServlet -- Detected AcceptHeaderLocaleResolver
18:14:29.608 [main] DEBUG org.springframework.test.web.servlet.TestDispatcherServlet -- Detected FixedThemeResolver
18:14:29.609 [main] DEBUG org.springframework.test.web.servlet.TestDispatcherServlet -- Detected org.springframework.web.servlet.view.DefaultRequestToViewNameTranslator@3a2d3909
18:14:29.609 [main] DEBUG org.springframework.test.web.servlet.TestDispatcherServlet -- Detected org.springframework.web.servlet.support.SessionFlashMapManager@4fb392c4
18:14:29.609 [main] DEBUG org.springframework.test.web.servlet.TestDispatcherServlet -- enableLoggingRequestDetails='false': request parameters and headers will be masked to prevent unsafe logging of potentially sensitive data
18:14:29.610 [main] INFO org.springframework.test.web.servlet.TestDispatcherServlet -- Completed initialization in 2 ms
18:14:29.631 [main] DEBUG org.springframework.test.web.servlet.TestDispatcherServlet -- GET "/plantes/validation", parameters={}
18:14:29.639 [main] DEBUG org.springframework.web.servlet.mvc.method.annotation.RequestMappingHandlerMapping -- Mapped to com.oxyl.coursepfback.controller.PlanteController#validatePlantes()
18:14:29.646 [main] INFO com.oxyl.coursepfback.controller.PlanteController -- 🔍 Validation des données des plantes...
18:14:29.653 [main] DEBUG org.springframework.web.servlet.mvc.method.annotation.HttpEntityMethodProcessor -- Using 'application/json', given [*/*] and supported [application/json]
18:14:29.654 [main] DEBUG org.springframework.web.servlet.mvc.method.annotation.HttpEntityMethodProcessor -- Writing ["Toutes les plantes sont valides"]
18:14:29.656 [main] DEBUG org.springframework.test.web.servlet.TestDispatcherServlet -- Completed 200 OK
]]></system-out>
  </testcase>
  <testcase name="testGetAllPlantes" classname="com.oxyl.coursepfback.controller.PlanteControllerTest" time="0.066">
    <system-out><![CDATA[18:14:29.663 [main] DEBUG _org.springframework.web.servlet.HandlerMapping.Mappings -- 
	c.o.c.c.PlanteController:
	{GET [/plantes], produces [application/json]}: getAllPlantes()
	{GET [/plantes/{id}], produces [application/json]}: getPlanteById(int)
	{POST [/plantes], consumes [application/json], produces [application/json]}: addPlante(Plante)
	{PUT [/plantes/{id}], consumes [application/json], produces [application/json]}: updatePlante(int,Plante)
	{DELETE [/plantes/{id}], produces [application/json]}: deletePlante(int)
	{GET [/plantes/validation], produces [application/json]}: validatePlantes()
18:14:29.664 [main] DEBUG org.springframework.web.servlet.mvc.method.annotation.RequestMappingHandlerMapping -- 6 mappings in org.springframework.web.servlet.mvc.method.annotation.RequestMappingHandlerMapping
18:14:29.665 [main] DEBUG org.springframework.web.servlet.mvc.method.annotation.RequestMappingHandlerAdapter -- ControllerAdvice beans: 0 @ModelAttribute, 0 @InitBinder, 1 RequestBodyAdvice, 1 ResponseBodyAdvice
18:14:29.665 [main] DEBUG org.springframework.web.servlet.mvc.method.annotation.ExceptionHandlerExceptionResolver -- ControllerAdvice beans: 0 @ExceptionHandler, 1 ResponseBodyAdvice
18:14:29.665 [main] INFO org.springframework.mock.web.MockServletContext -- Initializing Spring TestDispatcherServlet ''
18:14:29.665 [main] INFO org.springframework.test.web.servlet.TestDispatcherServlet -- Initializing Servlet ''
18:14:29.665 [main] DEBUG org.springframework.test.web.servlet.TestDispatcherServlet -- Detected AcceptHeaderLocaleResolver
18:14:29.665 [main] DEBUG org.springframework.test.web.servlet.TestDispatcherServlet -- Detected FixedThemeResolver
18:14:29.665 [main] DEBUG org.springframework.test.web.servlet.TestDispatcherServlet -- Detected org.springframework.web.servlet.view.DefaultRequestToViewNameTranslator@590f0c50
18:14:29.665 [main] DEBUG org.springframework.test.web.servlet.TestDispatcherServlet -- Detected org.springframework.web.servlet.support.SessionFlashMapManager@208f0007
18:14:29.665 [main] DEBUG org.springframework.test.web.servlet.TestDispatcherServlet -- enableLoggingRequestDetails='false': request parameters and headers will be masked to prevent unsafe logging of potentially sensitive data
18:14:29.665 [main] INFO org.springframework.test.web.servlet.TestDispatcherServlet -- Completed initialization in 0 ms
18:14:29.666 [main] DEBUG org.springframework.test.web.servlet.TestDispatcherServlet -- GET "/plantes", parameters={}
18:14:29.666 [main] DEBUG org.springframework.web.servlet.mvc.method.annotation.RequestMappingHandlerMapping -- Mapped to com.oxyl.coursepfback.controller.PlanteController#getAllPlantes()
18:14:29.666 [main] INFO com.oxyl.coursepfback.controller.PlanteController -- 🔍 Récupération de toutes les plantes...
18:14:29.667 [main] DEBUG org.springframework.web.servlet.mvc.method.annotation.HttpEntityMethodProcessor -- Using 'application/json', given [*/*] and supported [application/json]
18:14:29.684 [main] DEBUG org.springframework.web.servlet.mvc.method.annotation.HttpEntityMethodProcessor -- Writing [[Plante{id=1, nom='Tournesol', pointDeVie=100, attaqueParSeconde=0.0, degatAttaque=0, cout=50, solei (truncated)...]
18:14:29.703 [main] DEBUG org.springframework.test.web.servlet.TestDispatcherServlet -- Completed 200 OK
18:14:29.722 [main] DEBUG com.jayway.jsonpath.internal.path.CompiledPath -- Evaluating path: $[0]['nom']
]]></system-out>
  </testcase>
  <testcase name="testAddPlante_success" classname="com.oxyl.coursepfback.controller.PlanteControllerTest" time="0.054">
    <system-out><![CDATA[18:14:29.731 [main] DEBUG _org.springframework.web.servlet.HandlerMapping.Mappings -- 
	c.o.c.c.PlanteController:
	{GET [/plantes], produces [application/json]}: getAllPlantes()
	{GET [/plantes/{id}], produces [application/json]}: getPlanteById(int)
	{POST [/plantes], consumes [application/json], produces [application/json]}: addPlante(Plante)
	{PUT [/plantes/{id}], consumes [application/json], produces [application/json]}: updatePlante(int,Plante)
	{DELETE [/plantes/{id}], produces [application/json]}: deletePlante(int)
	{GET [/plantes/validation], produces [application/json]}: validatePlantes()
18:14:29.732 [main] DEBUG org.springframework.web.servlet.mvc.method.annotation.RequestMappingHandlerMapping -- 6 mappings in org.springframework.web.servlet.mvc.method.annotation.RequestMappingHandlerMapping
18:14:29.733 [main] DEBUG org.springframework.web.servlet.mvc.method.annotation.RequestMappingHandlerAdapter -- ControllerAdvice beans: 0 @ModelAttribute, 0 @InitBinder, 1 RequestBodyAdvice, 1 ResponseBodyAdvice
18:14:29.733 [main] DEBUG org.springframework.web.servlet.mvc.method.annotation.ExceptionHandlerExceptionResolver -- ControllerAdvice beans: 0 @ExceptionHandler, 1 ResponseBodyAdvice
18:14:29.733 [main] INFO org.springframework.mock.web.MockServletContext -- Initializing Spring TestDispatcherServlet ''
18:14:29.733 [main] INFO org.springframework.test.web.servlet.TestDispatcherServlet -- Initializing Servlet ''
18:14:29.734 [main] DEBUG org.springframework.test.web.servlet.TestDispatcherServlet -- Detected AcceptHeaderLocaleResolver
18:14:29.734 [main] DEBUG org.springframework.test.web.servlet.TestDispatcherServlet -- Detected FixedThemeResolver
18:14:29.734 [main] DEBUG org.springframework.test.web.servlet.TestDispatcherServlet -- Detected org.springframework.web.servlet.view.DefaultRequestToViewNameTranslator@6ccac6f4
18:14:29.734 [main] DEBUG org.springframework.test.web.servlet.TestDispatcherServlet -- Detected org.springframework.web.servlet.support.SessionFlashMapManager@438c9aa7
18:14:29.734 [main] DEBUG org.springframework.test.web.servlet.TestDispatcherServlet -- enableLoggingRequestDetails='false': request parameters and headers will be masked to prevent unsafe logging of potentially sensitive data
18:14:29.734 [main] INFO org.springframework.test.web.servlet.TestDispatcherServlet -- Completed initialization in 0 ms
18:14:29.737 [main] DEBUG org.springframework.test.web.servlet.TestDispatcherServlet -- POST "/plantes", parameters={}
18:14:29.738 [main] DEBUG org.springframework.web.servlet.mvc.method.annotation.RequestMappingHandlerMapping -- Mapped to com.oxyl.coursepfback.controller.PlanteController#addPlante(Plante)
18:14:29.768 [main] DEBUG org.springframework.web.servlet.mvc.method.annotation.RequestResponseBodyMethodProcessor -- Read "application/json" to [Plante{id=null, nom='Mur-Noix', pointDeVie=300, attaqueParSeconde=0.0, degatAttaque=0, cout=50, sole (truncated)...]
18:14:29.777 [main] INFO com.oxyl.coursepfback.controller.PlanteController -- ➕ Ajout d'une nouvelle plante: Mur-Noix
18:14:29.777 [main] DEBUG org.springframework.web.servlet.mvc.method.annotation.HttpEntityMethodProcessor -- Using 'application/json', given [*/*] and supported [application/json]
18:14:29.778 [main] DEBUG org.springframework.web.servlet.mvc.method.annotation.HttpEntityMethodProcessor -- Writing ["Plante ajoutée !"]
18:14:29.778 [main] DEBUG org.springframework.test.web.servlet.TestDispatcherServlet -- Completed 201 CREATED
]]></system-out>
  </testcase>
  <testcase name="testUpdatePlante_success" classname="com.oxyl.coursepfback.controller.PlanteControllerTest" time="0.016">
    <system-out><![CDATA[18:14:29.783 [main] DEBUG _org.springframework.web.servlet.HandlerMapping.Mappings -- 
	c.o.c.c.PlanteController:
	{GET [/plantes], produces [application/json]}: getAllPlantes()
	{GET [/plantes/{id}], produces [application/json]}: getPlanteById(int)
	{POST [/plantes], consumes [application/json], produces [application/json]}: addPlante(Plante)
	{PUT [/plantes/{id}], consumes [application/json], produces [application/json]}: updatePlante(int,Plante)
	{DELETE [/plantes/{id}], produces [application/json]}: deletePlante(int)
	{GET [/plantes/validation], produces [application/json]}: validatePlantes()
18:14:29.784 [main] DEBUG org.springframework.web.servlet.mvc.method.annotation.RequestMappingHandlerMapping -- 6 mappings in org.springframework.web.servlet.mvc.method.annotation.RequestMappingHandlerMapping
18:14:29.784 [main] DEBUG org.springframework.web.servlet.mvc.method.annotation.RequestMappingHandlerAdapter -- ControllerAdvice beans: 0 @ModelAttribute, 0 @InitBinder, 1 RequestBodyAdvice, 1 ResponseBodyAdvice
18:14:29.784 [main] DEBUG org.springframework.web.servlet.mvc.method.annotation.ExceptionHandlerExceptionResolver -- ControllerAdvice beans: 0 @ExceptionHandler, 1 ResponseBodyAdvice
18:14:29.785 [main] INFO org.springframework.mock.web.MockServletContext -- Initializing Spring TestDispatcherServlet ''
18:14:29.785 [main] INFO org.springframework.test.web.servlet.TestDispatcherServlet -- Initializing Servlet ''
18:14:29.785 [main] DEBUG org.springframework.test.web.servlet.TestDispatcherServlet -- Detected AcceptHeaderLocaleResolver
18:14:29.785 [main] DEBUG org.springframework.test.web.servlet.TestDispatcherServlet -- Detected FixedThemeResolver
18:14:29.785 [main] DEBUG org.springframework.test.web.servlet.TestDispatcherServlet -- Detected org.springframework.web.servlet.view.DefaultRequestToViewNameTranslator@7061622
18:14:29.785 [main] DEBUG org.springframework.test.web.servlet.TestDispatcherServlet -- Detected org.springframework.web.servlet.support.SessionFlashMapManager@32d418a9
18:14:29.785 [main] DEBUG org.springframework.test.web.servlet.TestDispatcherServlet -- enableLoggingRequestDetails='false': request parameters and headers will be masked to prevent unsafe logging of potentially sensitive data
18:14:29.785 [main] INFO org.springframework.test.web.servlet.TestDispatcherServlet -- Completed initialization in 0 ms
18:14:29.787 [main] DEBUG org.springframework.test.web.servlet.TestDispatcherServlet -- PUT "/plantes/1", parameters={}
18:14:29.787 [main] DEBUG org.springframework.web.servlet.mvc.method.annotation.RequestMappingHandlerMapping -- Mapped to com.oxyl.coursepfback.controller.PlanteController#updatePlante(int, Plante)
18:14:29.790 [main] DEBUG org.springframework.web.servlet.mvc.method.annotation.RequestResponseBodyMethodProcessor -- Read "application/json" to [Plante{id=null, nom='Tournesol+', pointDeVie=120, attaqueParSeconde=0.0, degatAttaque=0, cout=60, so (truncated)...]
18:14:29.792 [main] INFO com.oxyl.coursepfback.controller.PlanteController -- 🔄 Mise à jour de la plante avec ID: 1
18:14:29.793 [main] INFO com.oxyl.coursepfback.controller.PlanteController -- 🪴 Données reçues : Plante{id=null, nom='Tournesol+', pointDeVie=120, attaqueParSeconde=0.0, degatAttaque=0, cout=60, soleilParSeconde=1.2, effet='soleil+', cheminImage='/img.png'}
18:14:29.793 [main] DEBUG org.springframework.web.servlet.mvc.method.annotation.HttpEntityMethodProcessor -- Using 'application/json', given [*/*] and supported [application/json]
18:14:29.793 [main] DEBUG org.springframework.web.servlet.mvc.method.annotation.HttpEntityMethodProcessor -- Writing ["Plante mise à jour !"]
18:14:29.793 [main] DEBUG org.springframework.test.web.servlet.TestDispatcherServlet -- Completed 200 OK
]]></system-out>
  </testcase>
  <testcase name="testGetPlanteById_notFound" classname="com.oxyl.coursepfback.controller.PlanteControllerTest" time="0.013">
    <system-out><![CDATA[18:14:29.800 [main] DEBUG _org.springframework.web.servlet.HandlerMapping.Mappings -- 
	c.o.c.c.PlanteController:
	{GET [/plantes], produces [application/json]}: getAllPlantes()
	{GET [/plantes/{id}], produces [application/json]}: getPlanteById(int)
	{POST [/plantes], consumes [application/json], produces [application/json]}: addPlante(Plante)
	{PUT [/plantes/{id}], consumes [application/json], produces [application/json]}: updatePlante(int,Plante)
	{DELETE [/plantes/{id}], produces [application/json]}: deletePlante(int)
	{GET [/plantes/validation], produces [application/json]}: validatePlantes()
18:14:29.801 [main] DEBUG org.springframework.web.servlet.mvc.method.annotation.RequestMappingHandlerMapping -- 6 mappings in org.springframework.web.servlet.mvc.method.annotation.RequestMappingHandlerMapping
18:14:29.802 [main] DEBUG org.springframework.web.servlet.mvc.method.annotation.RequestMappingHandlerAdapter -- ControllerAdvice beans: 0 @ModelAttribute, 0 @InitBinder, 1 RequestBodyAdvice, 1 ResponseBodyAdvice
18:14:29.802 [main] DEBUG org.springframework.web.servlet.mvc.method.annotation.ExceptionHandlerExceptionResolver -- ControllerAdvice beans: 0 @ExceptionHandler, 1 ResponseBodyAdvice
18:14:29.802 [main] INFO org.springframework.mock.web.MockServletContext -- Initializing Spring TestDispatcherServlet ''
18:14:29.802 [main] INFO org.springframework.test.web.servlet.TestDispatcherServlet -- Initializing Servlet ''
18:14:29.802 [main] DEBUG org.springframework.test.web.servlet.TestDispatcherServlet -- Detected AcceptHeaderLocaleResolver
18:14:29.802 [main] DEBUG org.springframework.test.web.servlet.TestDispatcherServlet -- Detected FixedThemeResolver
18:14:29.802 [main] DEBUG org.springframework.test.web.servlet.TestDispatcherServlet -- Detected org.springframework.web.servlet.view.DefaultRequestToViewNameTranslator@73041b7d
18:14:29.802 [main] DEBUG org.springframework.test.web.servlet.TestDispatcherServlet -- Detected org.springframework.web.servlet.support.SessionFlashMapManager@1235151c
18:14:29.802 [main] DEBUG org.springframework.test.web.servlet.TestDispatcherServlet -- enableLoggingRequestDetails='false': request parameters and headers will be masked to prevent unsafe logging of potentially sensitive data
18:14:29.802 [main] INFO org.springframework.test.web.servlet.TestDispatcherServlet -- Completed initialization in 0 ms
18:14:29.803 [main] DEBUG org.springframework.test.web.servlet.TestDispatcherServlet -- GET "/plantes/999", parameters={}
18:14:29.804 [main] DEBUG org.springframework.web.servlet.mvc.method.annotation.RequestMappingHandlerMapping -- Mapped to com.oxyl.coursepfback.controller.PlanteController#getPlanteById(int)
18:14:29.805 [main] INFO com.oxyl.coursepfback.controller.PlanteController -- 🔍 Récupération de la plante avec ID: 999
18:14:29.805 [main] WARN com.oxyl.coursepfback.controller.PlanteController --  Plante non trouvée avec ID: 999
18:14:29.805 [main] DEBUG org.springframework.web.servlet.mvc.method.annotation.HttpEntityMethodProcessor -- Using 'application/json', given [*/*] and supported [application/json]
18:14:29.807 [main] DEBUG org.springframework.web.servlet.mvc.method.annotation.HttpEntityMethodProcessor -- Nothing to write: null body
18:14:29.807 [main] DEBUG org.springframework.test.web.servlet.TestDispatcherServlet -- Completed 404 NOT_FOUND
]]></system-out>
  </testcase>
  <testcase name="testDeletePlante_success" classname="com.oxyl.coursepfback.controller.PlanteControllerTest" time="0.011">
    <system-out><![CDATA[18:14:29.813 [main] DEBUG _org.springframework.web.servlet.HandlerMapping.Mappings -- 
	c.o.c.c.PlanteController:
	{GET [/plantes], produces [application/json]}: getAllPlantes()
	{GET [/plantes/{id}], produces [application/json]}: getPlanteById(int)
	{POST [/plantes], consumes [application/json], produces [application/json]}: addPlante(Plante)
	{PUT [/plantes/{id}], consumes [application/json], produces [application/json]}: updatePlante(int,Plante)
	{DELETE [/plantes/{id}], produces [application/json]}: deletePlante(int)
	{GET [/plantes/validation], produces [application/json]}: validatePlantes()
18:14:29.814 [main] DEBUG org.springframework.web.servlet.mvc.method.annotation.RequestMappingHandlerMapping -- 6 mappings in org.springframework.web.servlet.mvc.method.annotation.RequestMappingHandlerMapping
18:14:29.815 [main] DEBUG org.springframework.web.servlet.mvc.method.annotation.RequestMappingHandlerAdapter -- ControllerAdvice beans: 0 @ModelAttribute, 0 @InitBinder, 1 RequestBodyAdvice, 1 ResponseBodyAdvice
18:14:29.816 [main] DEBUG org.springframework.web.servlet.mvc.method.annotation.ExceptionHandlerExceptionResolver -- ControllerAdvice beans: 0 @ExceptionHandler, 1 ResponseBodyAdvice
18:14:29.816 [main] INFO org.springframework.mock.web.MockServletContext -- Initializing Spring TestDispatcherServlet ''
18:14:29.816 [main] INFO org.springframework.test.web.servlet.TestDispatcherServlet -- Initializing Servlet ''
18:14:29.816 [main] DEBUG org.springframework.test.web.servlet.TestDispatcherServlet -- Detected AcceptHeaderLocaleResolver
18:14:29.816 [main] DEBUG org.springframework.test.web.servlet.TestDispatcherServlet -- Detected FixedThemeResolver
18:14:29.816 [main] DEBUG org.springframework.test.web.servlet.TestDispatcherServlet -- Detected org.springframework.web.servlet.view.DefaultRequestToViewNameTranslator@3a479fda
18:14:29.816 [main] DEBUG org.springframework.test.web.servlet.TestDispatcherServlet -- Detected org.springframework.web.servlet.support.SessionFlashMapManager@8a6631b
18:14:29.816 [main] DEBUG org.springframework.test.web.servlet.TestDispatcherServlet -- enableLoggingRequestDetails='false': request parameters and headers will be masked to prevent unsafe logging of potentially sensitive data
18:14:29.816 [main] INFO org.springframework.test.web.servlet.TestDispatcherServlet -- Completed initialization in 0 ms
18:14:29.817 [main] DEBUG org.springframework.test.web.servlet.TestDispatcherServlet -- DELETE "/plantes/1", parameters={}
18:14:29.817 [main] DEBUG org.springframework.web.servlet.mvc.method.annotation.RequestMappingHandlerMapping -- Mapped to com.oxyl.coursepfback.controller.PlanteController#deletePlante(int)
18:14:29.818 [main] INFO com.oxyl.coursepfback.controller.PlanteController --  Suppression de la plante avec ID: 1
18:14:29.818 [main] DEBUG org.springframework.web.servlet.mvc.method.annotation.HttpEntityMethodProcessor -- Using 'application/json', given [*/*] and supported [application/json]
18:14:29.819 [main] DEBUG org.springframework.web.servlet.mvc.method.annotation.HttpEntityMethodProcessor -- Nothing to write: null body
18:14:29.819 [main] DEBUG org.springframework.test.web.servlet.TestDispatcherServlet -- Completed 204 NO_CONTENT
]]></system-out>
  </testcase>
  <testcase name="testGetPlanteById_found" classname="com.oxyl.coursepfback.controller.PlanteControllerTest" time="0.01">
    <system-out><![CDATA[18:14:29.823 [main] DEBUG _org.springframework.web.servlet.HandlerMapping.Mappings -- 
	c.o.c.c.PlanteController:
	{GET [/plantes], produces [application/json]}: getAllPlantes()
	{GET [/plantes/{id}], produces [application/json]}: getPlanteById(int)
	{POST [/plantes], consumes [application/json], produces [application/json]}: addPlante(Plante)
	{PUT [/plantes/{id}], consumes [application/json], produces [application/json]}: updatePlante(int,Plante)
	{DELETE [/plantes/{id}], produces [application/json]}: deletePlante(int)
	{GET [/plantes/validation], produces [application/json]}: validatePlantes()
18:14:29.824 [main] DEBUG org.springframework.web.servlet.mvc.method.annotation.RequestMappingHandlerMapping -- 6 mappings in org.springframework.web.servlet.mvc.method.annotation.RequestMappingHandlerMapping
18:14:29.825 [main] DEBUG org.springframework.web.servlet.mvc.method.annotation.RequestMappingHandlerAdapter -- ControllerAdvice beans: 0 @ModelAttribute, 0 @InitBinder, 1 RequestBodyAdvice, 1 ResponseBodyAdvice
18:14:29.825 [main] DEBUG org.springframework.web.servlet.mvc.method.annotation.ExceptionHandlerExceptionResolver -- ControllerAdvice beans: 0 @ExceptionHandler, 1 ResponseBodyAdvice
18:14:29.825 [main] INFO org.springframework.mock.web.MockServletContext -- Initializing Spring TestDispatcherServlet ''
18:14:29.825 [main] INFO org.springframework.test.web.servlet.TestDispatcherServlet -- Initializing Servlet ''
18:14:29.825 [main] DEBUG org.springframework.test.web.servlet.TestDispatcherServlet -- Detected AcceptHeaderLocaleResolver
18:14:29.825 [main] DEBUG org.springframework.test.web.servlet.TestDispatcherServlet -- Detected FixedThemeResolver
18:14:29.825 [main] DEBUG org.springframework.test.web.servlet.TestDispatcherServlet -- Detected org.springframework.web.servlet.view.DefaultRequestToViewNameTranslator@1095d23a
18:14:29.825 [main] DEBUG org.springframework.test.web.servlet.TestDispatcherServlet -- Detected org.springframework.web.servlet.support.SessionFlashMapManager@3332c7a5
18:14:29.825 [main] DEBUG org.springframework.test.web.servlet.TestDispatcherServlet -- enableLoggingRequestDetails='false': request parameters and headers will be masked to prevent unsafe logging of potentially sensitive data
18:14:29.825 [main] INFO org.springframework.test.web.servlet.TestDispatcherServlet -- Completed initialization in 0 ms
18:14:29.827 [main] DEBUG org.springframework.test.web.servlet.TestDispatcherServlet -- GET "/plantes/2", parameters={}
18:14:29.828 [main] DEBUG org.springframework.web.servlet.mvc.method.annotation.RequestMappingHandlerMapping -- Mapped to com.oxyl.coursepfback.controller.PlanteController#getPlanteById(int)
18:14:29.828 [main] INFO com.oxyl.coursepfback.controller.PlanteController -- 🔍 Récupération de la plante avec ID: 2
18:14:29.828 [main] DEBUG org.springframework.web.servlet.mvc.method.annotation.HttpEntityMethodProcessor -- Using 'application/json', given [*/*] and supported [application/json]
18:14:29.830 [main] DEBUG org.springframework.web.servlet.mvc.method.annotation.HttpEntityMethodProcessor -- Writing [Plante{id=2, nom='Pisto-pois', pointDeVie=200, attaqueParSeconde=1.5, degatAttaque=25, cout=100, sol (truncated)...]
18:14:29.830 [main] DEBUG org.springframework.test.web.servlet.TestDispatcherServlet -- Completed 200 OK
18:14:29.830 [main] DEBUG com.jayway.jsonpath.internal.path.CompiledPath -- Evaluating path: $['nom']
]]></system-out>
  </testcase>
</testsuite>